<?xml version="1.0" encoding="UTF-8"?>
<testsuite xmlns:xsi="http://www.w3.org/2001/XMLSchema-instance" xsi:noNamespaceSchemaLocation="https://maven.apache.org/surefire/maven-surefire-plugin/xsd/surefire-test-report-3.0.xsd" version="3.0" name="Hitting a api to get xml response" time="1.305" tests="8" errors="2" skipped="3" failures="0">
  <properties>
[...]
</properties>
  <testcase name="" classname="Hitting a api to get xml response" time="0.0">
    <system-out><![CDATA[
@MainTest @TestThree
Scenario: Hitting a api to get xml response                                                              &amp#27;[90m# src/main/resources/features/Testone.feature:19&amp#27;[0m
]]></system-out>
  </testcase>
  <testcase name="" classname="Hitting a api to get xml response" time="0.0">
    <error message="Step [I update the following fields] is defined with 2 parameters at &apos;stepDefinition.StepDefinitions.i_update_the_following_fields(java.lang.String,java.lang.String)&apos;.&#10;However, the gherkin step has 1 arguments:&#10; * Table:&#10;      | field           | value |&#10;      | sCountryISOCode | INDIA |&#10;&#10;Step text: I update the following fields" type="io.cucumber.core.exception.CucumberException"><![CDATA[io.cucumber.core.exception.CucumberException: 
Step [I update the following fields] is defined with 2 parameters at 'stepDefinition.StepDefinitions.i_update_the_following_fields(java.lang.String,java.lang.String)'.
However, the gherkin step has 1 arguments:
 * Table:
      | field           | value |
      | sCountryISOCode | INDIA |

Step text: I update the following fields
	at io.cucumber.core.runner.PickleStepDefinitionMatch.arityMismatch(PickleStepDefinitionMatch.java:83)
	at io.cucumber.core.runner.PickleStepDefinitionMatch.runStep(PickleStepDefinitionMatch.java:42)
	at io.cucumber.core.runner.ExecutionMode$1.execute(ExecutionMode.java:10)
	at io.cucumber.core.runner.TestStep.executeStep(TestStep.java:84)
	at io.cucumber.core.runner.TestStep.run(TestStep.java:56)
	at io.cucumber.core.runner.PickleStepTestStep.run(PickleStepTestStep.java:51)
	at io.cucumber.core.runner.TestCase.run(TestCase.java:84)
	at io.cucumber.core.runner.Runner.runPickle(Runner.java:75)
	at io.cucumber.junit.PickleRunners$WithStepDescriptions.lambda$run$1(PickleRunners.java:109)
	at io.cucumber.core.runtime.CucumberExecutionContext.lambda$runTestCase$5(CucumberExecutionContext.java:137)
	at io.cucumber.core.runtime.RethrowingThrowableCollector.executeAndThrow(RethrowingThrowableCollector.java:23)
	at io.cucumber.core.runtime.CucumberExecutionContext.runTestCase(CucumberExecutionContext.java:137)
	at io.cucumber.junit.PickleRunners$WithStepDescriptions.run(PickleRunners.java:106)
	at io.cucumber.junit.FeatureRunner.runChild(FeatureRunner.java:144)
	at io.cucumber.junit.FeatureRunner.runChild(FeatureRunner.java:28)
	at org.junit.runners.ParentRunner$4.run(ParentRunner.java:331)
	at org.junit.runners.ParentRunner$1.schedule(ParentRunner.java:79)
	at org.junit.runners.ParentRunner.runChildren(ParentRunner.java:329)
	at org.junit.runners.ParentRunner.access$100(ParentRunner.java:66)
	at org.junit.runners.ParentRunner$2.evaluate(ParentRunner.java:293)
	at org.junit.runners.ParentRunner$3.evaluate(ParentRunner.java:306)
	at org.junit.runners.ParentRunner.run(ParentRunner.java:413)
	at io.cucumber.junit.FeatureRunner.run(FeatureRunner.java:137)
	at io.cucumber.junit.Cucumber.runChild(Cucumber.java:196)
	at io.cucumber.junit.Cucumber.runChild(Cucumber.java:89)
	at org.junit.runners.ParentRunner$4.run(ParentRunner.java:331)
	at org.apache.maven.surefire.junitcore.pc.Scheduler$1.run(Scheduler.java:345)
	at java.base/java.util.concurrent.Executors$RunnableAdapter.call(Executors.java:515)
	at java.base/java.util.concurrent.FutureTask.run(FutureTask.java:264)
	at java.base/java.util.concurrent.ThreadPoolExecutor.runWorker(ThreadPoolExecutor.java:1128)
	at java.base/java.util.concurrent.ThreadPoolExecutor$Worker.run(ThreadPoolExecutor.java:628)
	at java.base/java.lang.Thread.run(Thread.java:834)
]]></error>
  </testcase>
  <testcase name="the endpoint is &quot;http://webservices.oorsprong.org/websamples.countryinfo/CountryInfoService.wso&quot;" classname="Hitting a api to get xml response" time="0.964"/>
  <testcase name="the initial request xml body is:" classname="Hitting a api to get xml response" time="0.096"/>
  <testcase name="I update the following fields" classname="Hitting a api to get xml response" time="0.016">
    <error message="Step [I update the following fields] is defined with 2 parameters at &apos;stepDefinition.StepDefinitions.i_update_the_following_fields(java.lang.String,java.lang.String)&apos;.&#10;However, the gherkin step has 1 arguments:&#10; * Table:&#10;      | field           | value |&#10;      | sCountryISOCode | INDIA |&#10;&#10;Step text: I update the following fields" type="io.cucumber.core.exception.CucumberException"><![CDATA[io.cucumber.core.exception.CucumberException: 
Step [I update the following fields] is defined with 2 parameters at 'stepDefinition.StepDefinitions.i_update_the_following_fields(java.lang.String,java.lang.String)'.
However, the gherkin step has 1 arguments:
 * Table:
      | field           | value |
      | sCountryISOCode | INDIA |

Step text: I update the following fields
	at io.cucumber.core.runner.PickleStepDefinitionMatch.arityMismatch(PickleStepDefinitionMatch.java:83)
	at io.cucumber.core.runner.PickleStepDefinitionMatch.runStep(PickleStepDefinitionMatch.java:42)
	at io.cucumber.core.runner.ExecutionMode$1.execute(ExecutionMode.java:10)
	at io.cucumber.core.runner.TestStep.executeStep(TestStep.java:84)
	at io.cucumber.core.runner.TestStep.run(TestStep.java:56)
	at io.cucumber.core.runner.PickleStepTestStep.run(PickleStepTestStep.java:51)
	at io.cucumber.core.runner.TestCase.run(TestCase.java:84)
	at io.cucumber.core.runner.Runner.runPickle(Runner.java:75)
	at io.cucumber.junit.PickleRunners$WithStepDescriptions.lambda$run$1(PickleRunners.java:109)
	at io.cucumber.core.runtime.CucumberExecutionContext.lambda$runTestCase$5(CucumberExecutionContext.java:137)
	at io.cucumber.core.runtime.RethrowingThrowableCollector.executeAndThrow(RethrowingThrowableCollector.java:23)
	at io.cucumber.core.runtime.CucumberExecutionContext.runTestCase(CucumberExecutionContext.java:137)
	at io.cucumber.junit.PickleRunners$WithStepDescriptions.run(PickleRunners.java:106)
	at io.cucumber.junit.FeatureRunner.runChild(FeatureRunner.java:144)
	at io.cucumber.junit.FeatureRunner.runChild(FeatureRunner.java:28)
	at org.junit.runners.ParentRunner$4.run(ParentRunner.java:331)
	at org.junit.runners.ParentRunner$1.schedule(ParentRunner.java:79)
	at org.junit.runners.ParentRunner.runChildren(ParentRunner.java:329)
	at org.junit.runners.ParentRunner.access$100(ParentRunner.java:66)
	at org.junit.runners.ParentRunner$2.evaluate(ParentRunner.java:293)
	at org.junit.runners.ParentRunner$3.evaluate(ParentRunner.java:306)
	at org.junit.runners.ParentRunner.run(ParentRunner.java:413)
	at io.cucumber.junit.FeatureRunner.run(FeatureRunner.java:137)
	at io.cucumber.junit.Cucumber.runChild(Cucumber.java:196)
	at io.cucumber.junit.Cucumber.runChild(Cucumber.java:89)
	at org.junit.runners.ParentRunner$4.run(ParentRunner.java:331)
	at org.apache.maven.surefire.junitcore.pc.Scheduler$1.run(Scheduler.java:345)
	at java.base/java.util.concurrent.Executors$RunnableAdapter.call(Executors.java:515)
	at java.base/java.util.concurrent.FutureTask.run(FutureTask.java:264)
	at java.base/java.util.concurrent.ThreadPoolExecutor.runWorker(ThreadPoolExecutor.java:1128)
	at java.base/java.util.concurrent.ThreadPoolExecutor$Worker.run(ThreadPoolExecutor.java:628)
	at java.base/java.lang.Thread.run(Thread.java:834)
]]></error>
  </testcase>
  <testcase name="I Place a POST request" classname="Hitting a api to get xml response" time="0.0">
    <skipped message="This step is skipped"/>
  </testcase>
  <testcase name="Status code should matched" classname="Hitting a api to get xml response" time="0.0">
    <skipped message="This step is skipped"/>
  </testcase>
  <testcase name="Read the response in console" classname="Hitting a api to get xml response" time="0.0">
    <skipped message="This step is skipped"/>
  </testcase>
</testsuite>