<?xml version="1.0" encoding="UTF-8"?>
<testsuite xmlns:xsi="http://www.w3.org/2001/XMLSchema-instance" xsi:noNamespaceSchemaLocation="https://maven.apache.org/surefire/maven-surefire-plugin/xsd/surefire-test-report-3.0.xsd" version="3.0" name="Place a API request #1" time="4.087" tests="5" errors="0" skipped="0" failures="0">
  <properties>
[...]
</properties>
  <testcase name="" classname="Place a API request #1" time="0.0"/>
  <testcase name="the api endpoint is &quot;/api/users?page=2&quot;" classname="Place a API request #1" time="0.84"/>
  <testcase name="I Place a GET request" classname="Place a API request #1" time="2.447">
    <system-out><![CDATA[Request method:	GET
Request URI:	https://reqres.in/api/users?page=2
Proxy:			<none>
Request params:	<none>
Query params:	<none>
Form params:	<none>
Path params:	<none>
Headers:		Accept=*/*
Cookies:		<none>
Multiparts:		<none>
Body:			<none>
{"page":2,"per_page":6,"total":12,"total_pages":2,"data":[{"id":7,"email":"michael.lawson@reqres.in","first_name":"Michael","last_name":"Lawson","avatar":"https://reqres.in/img/faces/7-image.jpg"},{"id":8,"email":"lindsay.ferguson@reqres.in","first_name":"Lindsay","last_name":"Ferguson","avatar":"https://reqres.in/img/faces/8-image.jpg"},{"id":9,"email":"tobias.funke@reqres.in","first_name":"Tobias","last_name":"Funke","avatar":"https://reqres.in/img/faces/9-image.jpg"},{"id":10,"email":"byron.fields@reqres.in","first_name":"Byron","last_name":"Fields","avatar":"https://reqres.in/img/faces/10-image.jpg"},{"id":11,"email":"george.edwards@reqres.in","first_name":"George","last_name":"Edwards","avatar":"https://reqres.in/img/faces/11-image.jpg"},{"id":12,"email":"rachel.howell@reqres.in","first_name":"Rachel","last_name":"Howell","avatar":"https://reqres.in/img/faces/12-image.jpg"}],"support":{"url":"https://reqres.in/#support-heading","text":"To keep ReqRes free, contributions towards server costs are appreciated!"}}
]]></system-out>
  </testcase>
  <testcase name="Status code should be 200" classname="Place a API request #1" time="0.036"/>
  <testcase name="Validate the response" classname="Place a API request #1" time="0.463">
    <system-out><![CDATA[2
Lindsay
Michael
User{id=7, email='michael.lawson@reqres.in', first_name='Michael', last_name='Lawson', avatar='https://reqres.in/img/faces/7-image.jpg'}
User{id=8, email='lindsay.ferguson@reqres.in', first_name='Lindsay', last_name='Ferguson', avatar='https://reqres.in/img/faces/8-image.jpg'}
User{id=9, email='tobias.funke@reqres.in', first_name='Tobias', last_name='Funke', avatar='https://reqres.in/img/faces/9-image.jpg'}
User{id=10, email='byron.fields@reqres.in', first_name='Byron', last_name='Fields', avatar='https://reqres.in/img/faces/10-image.jpg'}
User{id=11, email='george.edwards@reqres.in', first_name='George', last_name='Edwards', avatar='https://reqres.in/img/faces/11-image.jpg'}
User{id=12, email='rachel.howell@reqres.in', first_name='Rachel', last_name='Howell', avatar='https://reqres.in/img/faces/12-image.jpg'}
]]></system-out>
  </testcase>
</testsuite>